7 6 7
6 7 1  Ana are mere 
6 7 1  Ana are pere 
6 7 1  Ana are mere si ( mere si + pere si + . Ana are mere si + . Ana are pere si )* mere 
6 7 1  Ana are mere si ( mere si + pere si + . Ana are mere si + . Ana are pere si )* pere 
6 7 1  Ana are mere si ( mere si + pere si + . Ana are mere si + . Ana are pere si )* . Ana are mere 
6 7 1  Ana are mere si ( mere si + pere si + . Ana are mere si + . Ana are pere si )* . Ana are pere 
6 7 1  Ana are pere si ( mere si + pere si + . Ana are mere si + . Ana are pere si )* mere 
6 7 1  Ana are pere si ( mere si + pere si + . Ana are mere si + . Ana are pere si )* pere 
6 7 1  Ana are pere si ( mere si + pere si + . Ana are mere si + . Ana are pere si )* . Ana are mere 
6 7 1  Ana are pere si ( mere si + pere si + . Ana are mere si + . Ana are pere si )* . Ana are pere 
7 6 -1  Ana are mere 
7 6 -1  Ana are pere 
7 6 -1  Ana are mere si ( mere si + pere si + . Ana are mere si + . Ana are pere si )* mere 
7 6 -1  Ana are mere si ( mere si + pere si + . Ana are mere si + . Ana are pere si )* pere 
7 6 -1  Ana are mere si ( mere si + pere si + . Ana are mere si + . Ana are pere si )* . Ana are mere 
7 6 -1  Ana are mere si ( mere si + pere si + . Ana are mere si + . Ana are pere si )* . Ana are pere 
7 6 -1  Ana are pere si ( mere si + pere si + . Ana are mere si + . Ana are pere si )* mere 
7 6 -1  Ana are pere si ( mere si + pere si + . Ana are mere si + . Ana are pere si )* pere 
7 6 -1  Ana are pere si ( mere si + pere si + . Ana are mere si + . Ana are pere si )* . Ana are mere 
7 6 -1  Ana are pere si ( mere si + pere si + . Ana are mere si + . Ana are pere si )* . Ana are pere 
